<?xml version="1.0" encoding="UTF-8"?>
<testsuite name="learn.MavenProject.FirstTest" tests="2" skipped="0" failures="0" errors="0" timestamp="2016-05-02T09:46:22" hostname="PC" time="0.009">
  <properties/>
  <testcase name="test1" classname="learn.MavenProject.FirstTest" time="0.008"/>
  <testcase name="test2" classname="learn.MavenProject.FirstTest" time="0.0"/>
  <system-out><![CDATA[This is test 1
This is test 2
]]></system-out>
  <system-err><![CDATA[]]></system-err>
</testsuite>
