<?xml version="1.0" encoding="UTF-8"?>
<!-- Generated by org.testng.reporters.JUnitReportReporter -->
<testsuite hostname="PC" name="learn.MavenProject.FirstTest" tests="2" failures="0" timestamp="2 May 2016 10:58:04 GMT" time="0.016" errors="0">
  <testcase name="test2" time="0.002" classname="learn.MavenProject.FirstTest"/>
  <testcase name="test1" time="0.014" classname="learn.MavenProject.FirstTest"/>
</testsuite> <!-- learn.MavenProject.FirstTest -->
